2020-09-09 14:22:45:028 [Appium] Welcome to Appium v1.18.1
2020-09-09 14:22:45:029 [Appium] Non-default server args:
2020-09-09 14:22:45:029 [Appium]   port: 14059
2020-09-09 14:22:45:030 [Appium]   sessionOverride: true
2020-09-09 14:22:45:030 [Appium]   logFile: C:\Users\james\Documents\appium-cucumberbdd-master\Android_OnePlus\Server.log
2020-09-09 14:22:45:051 [Appium] Appium REST http interface listener started on 0.0.0.0:14059
2020-09-09 14:22:45:087 [HTTP] --> GET /wd/hub/status
2020-09-09 14:22:45:087 [HTTP] {}
2020-09-09 14:22:45:089 [GENERIC] Calling AppiumDriver.getStatus() with args: []
2020-09-09 14:22:45:090 [GENERIC] Responding to client with driver.getStatus() result: {"build":{"version":"1.18.1"}}
2020-09-09 14:22:45:093 [HTTP] <-- GET /wd/hub/status 200 5 ms - 68
2020-09-09 14:22:45:093 [HTTP] 
2020-09-09 14:22:45:096 [HTTP] --> GET /wd/hub/status
2020-09-09 14:22:45:096 [HTTP] {}
2020-09-09 14:22:45:096 [GENERIC] Calling AppiumDriver.getStatus() with args: []
2020-09-09 14:22:45:096 [GENERIC] Responding to client with driver.getStatus() result: {"build":{"version":"1.18.1"}}
2020-09-09 14:22:45:097 [HTTP] <-- GET /wd/hub/status 200 1 ms - 68
2020-09-09 14:22:45:098 [HTTP] 
2020-09-09 14:22:45:116 [HTTP] --> POST /wd/hub/session
2020-09-09 14:22:45:116 [HTTP] {"desiredCapabilities":{"app":"C:\\Users\\james\\Documents\\appium-cucumberbdd-master\\src\\test\\resources\\apps\\Android.SauceLabs.Mobile.Sample.app.2.2.1.apk","appActivity":"com.swaglabsmobileapp.SplashActivity","appPackage":"com.swaglabsmobileapp","automationName":"UiAutomator2","chromeDriverPort":"11000","platformName":"Android","udid":"emulator-5554","deviceName":"OnePlus","systemPort":"10000"},"capabilities":{"firstMatch":[{"appium:app":"C:\\Users\\james\\Documents\\appium-cucumberbdd-master\\src\\test\\resources\\apps\\Android.SauceLabs.Mobile.Sample.app.2.2.1.apk","appium:appActivity":"com.swaglabsmobileapp.SplashActivity","appium:appPackage":"com.swaglabsmobileapp","appium:automationName":"UiAutomator2","chromeDriverPort":"11000","appium:deviceName":"OnePlus","platformName":"android","appium:systemPort":"10000","appium:udid":"emulator-5554"}]}}
2020-09-09 14:22:45:116 [W3C] Calling AppiumDriver.createSession() with args: [{"app":"C:\\Users\\james\\Documents\\appium-cucumberbdd-master\\src\\test\\resources\\apps\\Android.SauceLabs.Mobile.Sample.app.2.2.1.apk","appActivity":"com.swaglabsmobileapp.SplashActivity","appPackage":"com.swaglabsmobileapp","automationName":"UiAutomator2","chromeDriverPort":"11000","platformName":"Android","udid":"emulator-5554","deviceName":"OnePlus","systemPort":"10000"},null,{"firstMatch":[{"appium:app":"C:\\Users\\james\\Documents\\appium-cucumberbdd-master\\src\\test\\resources\\apps\\Android.SauceLabs.Mobile.Sample.app.2.2.1.apk","appium:appActivity":"com.swaglabsmobileapp.SplashActivity","appium:appPackage":"com.swaglabsmobileapp","appium:automationName":"UiAutomator2","chromeDriverPort":"11000","appium:deviceName":"OnePlus","platformName":"android","appium:systemPort":"10000","appium:udid":"emulator-5554"}]}]
2020-09-09 14:22:45:117 [BaseDriver] Event 'newSessionRequested' logged at 1599661365117 (15:22:45 GMT+0100 (Irish Standard Time))
2020-09-09 14:22:45:119 [BaseDriver] The following capabilities are not standard capabilities and should have an extension prefix:
2020-09-09 14:22:45:119 [BaseDriver]   chromeDriverPort
2020-09-09 14:22:45:315 [Appium] Appium v1.18.1 creating new AndroidUiautomator2Driver (v1.56.1) session
2020-09-09 14:22:45:315 [Appium] There are no active sessions for cleanup
2020-09-09 14:22:45:317 [BaseDriver] W3C capabilities and MJSONWP desired capabilities were provided
2020-09-09 14:22:45:317 [BaseDriver] Creating session with W3C capabilities: {
2020-09-09 14:22:45:317 [BaseDriver]   "alwaysMatch": {
2020-09-09 14:22:45:317 [BaseDriver]     "appium:chromeDriverPort": "11000",
2020-09-09 14:22:45:318 [BaseDriver]     "platformName": "android",
2020-09-09 14:22:45:318 [BaseDriver]     "appium:app": "C:\\Users\\james\\Documents\\appium-cucumberbdd-master\\src\\test\\resources\\apps\\Android.SauceLabs.Mobile.Sample.app.2.2.1.apk",
2020-09-09 14:22:45:318 [BaseDriver]     "appium:appActivity": "com.swaglabsmobileapp.SplashActivity",
2020-09-09 14:22:45:318 [BaseDriver]     "appium:appPackage": "com.swaglabsmobileapp",
2020-09-09 14:22:45:318 [BaseDriver]     "appium:automationName": "UiAutomator2",
2020-09-09 14:22:45:318 [BaseDriver]     "appium:deviceName": "OnePlus",
2020-09-09 14:22:45:318 [BaseDriver]     "appium:systemPort": "10000",
2020-09-09 14:22:45:319 [BaseDriver]     "appium:udid": "emulator-5554"
2020-09-09 14:22:45:319 [BaseDriver]   },
2020-09-09 14:22:45:319 [BaseDriver]   "firstMatch": [
2020-09-09 14:22:45:319 [BaseDriver]     {}
2020-09-09 14:22:45:319 [BaseDriver]   ]
2020-09-09 14:22:45:319 [BaseDriver] }
2020-09-09 14:22:45:321 [BaseDriver] Number capability passed in as string. Functionality may be compromised.
2020-09-09 14:22:45:321 [BaseDriver] Number capability passed in as string. Functionality may be compromised.
2020-09-09 14:22:45:324 [BaseDriver] Capability 'systemPort' changed from string ('10000') to integer (10000). This may cause unexpected behavior
2020-09-09 14:22:45:324 [BaseDriver] Capability 'chromeDriverPort' changed from string ('11000') to integer (11000). This may cause unexpected behavior
2020-09-09 14:22:45:326 [BaseDriver] Session created with session id: 2cc77cc3-28cc-4d5e-b8d1-cce216095a93
2020-09-09 14:22:45:329 [BaseDriver] Using local app 'C:\Users\james\Documents\appium-cucumberbdd-master\src\test\resources\apps\Android.SauceLabs.Mobile.Sample.app.2.2.1.apk'
2020-09-09 14:22:45:329 [UiAutomator2] Checking whether app is actually present
2020-09-09 14:22:45:337 [ADB] Found 1 'build-tools' folders under 'C:\Users\james\AppData\Local\Android\Sdk' (newest first):
2020-09-09 14:22:45:338 [ADB]     C:/Users/james/AppData/Local/Android/Sdk/build-tools/29.0.3
2020-09-09 14:22:45:338 [ADB] Using 'adb.exe' from 'C:\Users\james\AppData\Local\Android\Sdk\platform-tools\adb.exe'
2020-09-09 14:22:45:339 [ADB] Running 'C:\Users\james\AppData\Local\Android\Sdk\platform-tools\adb.exe -P 5037 start-server'
2020-09-09 14:22:45:364 [AndroidDriver] Retrieving device list
2020-09-09 14:22:45:364 [ADB] Trying to find a connected android device
2020-09-09 14:22:45:364 [ADB] Getting connected devices
2020-09-09 14:22:45:385 [ADB] Connected devices: [{"udid":"emulator-5554","state":"device"}]
2020-09-09 14:22:45:386 [AndroidDriver] Using device: emulator-5554
2020-09-09 14:22:45:387 [ADB] Using 'adb.exe' from 'C:\Users\james\AppData\Local\Android\Sdk\platform-tools\adb.exe'
2020-09-09 14:22:45:387 [ADB] Running 'C:\Users\james\AppData\Local\Android\Sdk\platform-tools\adb.exe -P 5037 start-server'
2020-09-09 14:22:45:409 [ADB] Setting device id to emulator-5554
2020-09-09 14:22:45:410 [ADB] Running 'C:\Users\james\AppData\Local\Android\Sdk\platform-tools\adb.exe -P 5037 -s emulator-5554 shell getprop ro.build.version.sdk'
2020-09-09 14:22:45:438 [ADB] Current device property 'ro.build.version.sdk': 28
2020-09-09 14:22:45:438 [ADB] Getting device platform version
2020-09-09 14:22:45:438 [ADB] Running 'C:\Users\james\AppData\Local\Android\Sdk\platform-tools\adb.exe -P 5037 -s emulator-5554 shell getprop ro.build.version.release'
2020-09-09 14:22:45:469 [ADB] Current device property 'ro.build.version.release': 9
2020-09-09 14:22:45:469 [ADB] Device API level: 28
2020-09-09 14:22:45:470 [UiAutomator2] Relaxing hidden api policy
2020-09-09 14:22:45:470 [ADB] Running 'C:\Users\james\AppData\Local\Android\Sdk\platform-tools\adb.exe -P 5037 -s emulator-5554 shell 'settings put global hidden_api_policy_pre_p_apps 1;settings put global hidden_api_policy_p_apps 1;settings put global hidden_api_policy 1''
2020-09-09 14:22:45:531 [ADB] Running 'C:\Users\james\AppData\Local\Android\Sdk\platform-tools\adb.exe -P 5037 -s emulator-5554 wait-for-device'
2020-09-09 14:22:45:552 [ADB] Running 'C:\Users\james\AppData\Local\Android\Sdk\platform-tools\adb.exe -P 5037 -s emulator-5554 shell echo ping'
2020-09-09 14:22:45:578 [AndroidDriver] Pushing settings apk to device...
2020-09-09 14:22:45:579 [ADB] Getting install status for io.appium.settings
2020-09-09 14:22:45:579 [ADB] Running 'C:\Users\james\AppData\Local\Android\Sdk\platform-tools\adb.exe -P 5037 -s emulator-5554 shell dumpsys package io.appium.settings'
2020-09-09 14:22:45:614 [ADB] 'io.appium.settings' is installed
2020-09-09 14:22:45:615 [ADB] Getting package info for 'io.appium.settings'
2020-09-09 14:22:45:615 [ADB] Running 'C:\Users\james\AppData\Local\Android\Sdk\platform-tools\adb.exe -P 5037 -s emulator-5554 shell dumpsys package io.appium.settings'
2020-09-09 14:22:45:661 [ADB] The version name of the installed 'io.appium.settings' is greater or equal to the application version name ('3.2.0' >= '3.2.0')
2020-09-09 14:22:45:661 [ADB] There is no need to install/upgrade 'C:\Users\james\AppData\Roaming\npm\node_modules\appium\node_modules\io.appium.settings\apks\settings_apk-debug.apk'
2020-09-09 14:22:45:661 [ADB] Getting IDs of all 'io.appium.settings' processes
2020-09-09 14:22:45:662 [ADB] Running 'C:\Users\james\AppData\Local\Android\Sdk\platform-tools\adb.exe -P 5037 -s emulator-5554 shell 'pgrep --help; echo $?''
2020-09-09 14:22:45:692 [ADB] Running 'C:\Users\james\AppData\Local\Android\Sdk\platform-tools\adb.exe -P 5037 -s emulator-5554 shell pgrep -f io\\.appium\\.settings'
2020-09-09 14:22:45:730 [AndroidDriver] io.appium.settings is already running. There is no need to reset its permissions.
2020-09-09 14:22:45:731 [Logcat] Starting logs capture with command: C:\\Users\\james\\AppData\\Local\\Android\\Sdk\\platform-tools\\adb.exe -P 5037 -s emulator-5554 logcat -v threadtime
2020-09-09 14:22:45:758 [UiAutomator2] Forwarding UiAutomator2 Server port 6790 to 10000
2020-09-09 14:22:45:759 [ADB] Forwarding system: 10000 to device: 6790
2020-09-09 14:22:45:759 [ADB] Running 'C:\Users\james\AppData\Local\Android\Sdk\platform-tools\adb.exe -P 5037 -s emulator-5554 forward tcp\:10000 tcp\:6790'
2020-09-09 14:22:45:788 [ADB] Getting install status for io.appium.uiautomator2.server
2020-09-09 14:22:45:788 [ADB] Running 'C:\Users\james\AppData\Local\Android\Sdk\platform-tools\adb.exe -P 5037 -s emulator-5554 shell dumpsys package io.appium.uiautomator2.server'
2020-09-09 14:22:45:835 [ADB] 'io.appium.uiautomator2.server' is installed
2020-09-09 14:22:45:835 [ADB] Getting package info for 'io.appium.uiautomator2.server'
2020-09-09 14:22:45:835 [ADB] Running 'C:\Users\james\AppData\Local\Android\Sdk\platform-tools\adb.exe -P 5037 -s emulator-5554 shell dumpsys package io.appium.uiautomator2.server'
2020-09-09 14:22:45:896 [ADB] The version name of the installed 'io.appium.uiautomator2.server' is greater or equal to the application version name ('4.12.2' >= '4.12.2')
2020-09-09 14:22:45:896 [UiAutomator2] io.appium.uiautomator2.server installation state: sameVersionInstalled
2020-09-09 14:22:45:897 [ADB] Checking app cert for C:\Users\james\AppData\Roaming\npm\node_modules\appium\node_modules\appium-uiautomator2-server\apks\appium-uiautomator2-server-v4.12.2.apk
2020-09-09 14:22:45:900 [ADB] Using 'apksigner.jar' from 'C:\Users\james\AppData\Local\Android\Sdk\build-tools\29.0.3\lib\apksigner.jar'
2020-09-09 14:22:45:902 [ADB] Starting apksigner: 'C:\\Program Files\\Java\\jdk1.8.0_251\\bin\\java.exe' -Xmx1024M -Xss1m -jar C:\\Users\\james\\AppData\\Local\\Android\\Sdk\\build-tools\\29.0.3\\lib\\apksigner.jar verify --print-certs C:\\Users\\james\\AppData\\Roaming\\npm\\node_modules\\appium\\node_modules\\appium-uiautomator2-server\\apks\\appium-uiautomator2-server-v4.12.2.apk
2020-09-09 14:22:46:297 [ADB] apksigner stdout: Signer #1 certificate DN: EMAILADDRESS=android@android.com, CN=Android, OU=Android, O=Android, L=Mountain View, ST=California, C=US
2020-09-09 14:22:46:297 [ADB] Signer #1 certificate SHA-256 digest: a40da80a59d170caa950cf15c18c454d47a39b26989d8b640ecd745ba71bf5dc
2020-09-09 14:22:46:297 [ADB] Signer #1 certificate SHA-1 digest: 61ed377e85d386a8dfee6b864bd85b0bfaa5af81
2020-09-09 14:22:46:297 [ADB] Signer #1 certificate MD5 digest: e89b158e4bcf988ebd09eb83f5378e87
2020-09-09 14:22:46:298 [ADB] 
2020-09-09 14:22:46:298 [ADB] 'C:\Users\james\AppData\Roaming\npm\node_modules\appium\node_modules\appium-uiautomator2-server\apks\appium-uiautomator2-server-v4.12.2.apk' is signed with the default certificate
2020-09-09 14:22:46:298 [ADB] Getting install status for io.appium.uiautomator2.server.test
2020-09-09 14:22:46:298 [ADB] Running 'C:\Users\james\AppData\Local\Android\Sdk\platform-tools\adb.exe -P 5037 -s emulator-5554 shell dumpsys package io.appium.uiautomator2.server.test'
2020-09-09 14:22:46:331 [ADB] 'io.appium.uiautomator2.server.test' is installed
2020-09-09 14:22:46:331 [ADB] Checking app cert for C:\Users\james\AppData\Roaming\npm\node_modules\appium\node_modules\appium-uiautomator2-server\apks\appium-uiautomator2-server-debug-androidTest.apk
2020-09-09 14:22:46:332 [ADB] Starting apksigner: 'C:\\Program Files\\Java\\jdk1.8.0_251\\bin\\java.exe' -Xmx1024M -Xss1m -jar C:\\Users\\james\\AppData\\Local\\Android\\Sdk\\build-tools\\29.0.3\\lib\\apksigner.jar verify --print-certs C:\\Users\\james\\AppData\\Roaming\\npm\\node_modules\\appium\\node_modules\\appium-uiautomator2-server\\apks\\appium-uiautomator2-server-debug-androidTest.apk
2020-09-09 14:22:46:740 [ADB] apksigner stdout: Signer #1 certificate DN: EMAILADDRESS=android@android.com, CN=Android, OU=Android, O=Android, L=Mountain View, ST=California, C=US
2020-09-09 14:22:46:740 [ADB] Signer #1 certificate SHA-256 digest: a40da80a59d170caa950cf15c18c454d47a39b26989d8b640ecd745ba71bf5dc
2020-09-09 14:22:46:740 [ADB] Signer #1 certificate SHA-1 digest: 61ed377e85d386a8dfee6b864bd85b0bfaa5af81
2020-09-09 14:22:46:740 [ADB] Signer #1 certificate MD5 digest: e89b158e4bcf988ebd09eb83f5378e87
2020-09-09 14:22:46:740 [ADB] 
2020-09-09 14:22:46:741 [ADB] 'C:\Users\james\AppData\Roaming\npm\node_modules\appium\node_modules\appium-uiautomator2-server\apks\appium-uiautomator2-server-debug-androidTest.apk' is signed with the default certificate
2020-09-09 14:22:46:741 [UiAutomator2] Server packages are not going to be (re)installed
2020-09-09 14:22:46:743 [UiAutomator2] Waiting up to 30000ms for services to be available
2020-09-09 14:22:46:744 [ADB] Running 'C:\Users\james\AppData\Local\Android\Sdk\platform-tools\adb.exe -P 5037 -s emulator-5554 shell pm list instrumentation'
2020-09-09 14:22:46:783 [UiAutomator2] Instrumentation target 'io.appium.uiautomator2.server.test/androidx.test.runner.AndroidJUnitRunner' is available
2020-09-09 14:22:46:784 [ADB] Checking app cert for C:\Users\james\Documents\appium-cucumberbdd-master\src\test\resources\apps\Android.SauceLabs.Mobile.Sample.app.2.2.1.apk
2020-09-09 14:22:46:784 [ADB] Starting apksigner: 'C:\\Program Files\\Java\\jdk1.8.0_251\\bin\\java.exe' -Xmx1024M -Xss1m -jar C:\\Users\\james\\AppData\\Local\\Android\\Sdk\\build-tools\\29.0.3\\lib\\apksigner.jar verify --print-certs C:\\Users\\james\\Documents\\appium-cucumberbdd-master\\src\\test\\resources\\apps\\Android.SauceLabs.Mobile.Sample.app.2.2.1.apk
2020-09-09 14:22:48:258 [ADB] apksigner stdout: Signer #1 certificate DN: EMAILADDRESS=android@android.com, CN=Android, OU=Android, O=Android, L=Mountain View, ST=California, C=US
2020-09-09 14:22:48:258 [ADB] Signer #1 certificate SHA-256 digest: a40da80a59d170caa950cf15c18c454d47a39b26989d8b640ecd745ba71bf5dc
2020-09-09 14:22:48:258 [ADB] Signer #1 certificate SHA-1 digest: 61ed377e85d386a8dfee6b864bd85b0bfaa5af81
2020-09-09 14:22:48:258 [ADB] Signer #1 certificate MD5 digest: e89b158e4bcf988ebd09eb83f5378e87
2020-09-09 14:22:48:258 [ADB] 
2020-09-09 14:22:48:258 [ADB] 'C:\Users\james\Documents\appium-cucumberbdd-master\src\test\resources\apps\Android.SauceLabs.Mobile.Sample.app.2.2.1.apk' is signed with the default certificate
2020-09-09 14:22:48:259 [ADB] Getting install status for com.swaglabsmobileapp
2020-09-09 14:22:48:259 [ADB] Running 'C:\Users\james\AppData\Local\Android\Sdk\platform-tools\adb.exe -P 5037 -s emulator-5554 shell dumpsys package com.swaglabsmobileapp'
2020-09-09 14:22:48:300 [ADB] 'com.swaglabsmobileapp' is installed
2020-09-09 14:22:48:300 [ADB] Getting package info for 'com.swaglabsmobileapp'
2020-09-09 14:22:48:300 [ADB] Running 'C:\Users\james\AppData\Local\Android\Sdk\platform-tools\adb.exe -P 5037 -s emulator-5554 shell dumpsys package com.swaglabsmobileapp'
2020-09-09 14:22:48:340 [ADB] The version name of the installed 'com.swaglabsmobileapp' is greater or equal to the application version name ('2.2.1' >= '2.2.1')
2020-09-09 14:22:48:340 [ADB] There is no need to install/upgrade 'C:\Users\james\Documents\appium-cucumberbdd-master\src\test\resources\apps\Android.SauceLabs.Mobile.Sample.app.2.2.1.apk'
2020-09-09 14:22:48:340 [AndroidDriver] Performing fast reset on 'com.swaglabsmobileapp'
2020-09-09 14:22:48:340 [ADB] Getting install status for com.swaglabsmobileapp
2020-09-09 14:22:48:341 [ADB] Running 'C:\Users\james\AppData\Local\Android\Sdk\platform-tools\adb.exe -P 5037 -s emulator-5554 shell dumpsys package com.swaglabsmobileapp'
2020-09-09 14:22:48:380 [ADB] 'com.swaglabsmobileapp' is installed
2020-09-09 14:22:48:381 [ADB] Running 'C:\Users\james\AppData\Local\Android\Sdk\platform-tools\adb.exe -P 5037 -s emulator-5554 shell am force-stop com.swaglabsmobileapp'
2020-09-09 14:22:48:420 [ADB] Running 'C:\Users\james\AppData\Local\Android\Sdk\platform-tools\adb.exe -P 5037 -s emulator-5554 shell pm clear com.swaglabsmobileapp'
2020-09-09 14:22:48:483 [AndroidDriver] Performed fast reset on the installed 'com.swaglabsmobileapp' application (stop and clear)
2020-09-09 14:22:48:484 [UiAutomator2] Performing shallow cleanup of automation leftovers
2020-09-09 14:22:48:543 [UiAutomator2] No obsolete sessions have been detected (socket hang up)
2020-09-09 14:22:48:544 [ADB] Running 'C:\Users\james\AppData\Local\Android\Sdk\platform-tools\adb.exe -P 5037 -s emulator-5554 shell am force-stop io.appium.uiautomator2.server.test'
2020-09-09 14:22:48:628 [UiAutomator2] Starting UIAutomator2 server 4.12.2
2020-09-09 14:22:48:628 [UiAutomator2] Using UIAutomator2 server from 'C:\Users\james\AppData\Roaming\npm\node_modules\appium\node_modules\appium-uiautomator2-server\apks\appium-uiautomator2-server-v4.12.2.apk' and test from 'C:\Users\james\AppData\Roaming\npm\node_modules\appium\node_modules\appium-uiautomator2-server\apks\appium-uiautomator2-server-debug-androidTest.apk'
2020-09-09 14:22:48:629 [UiAutomator2] Waiting up to 30000ms for UiAutomator2 to be online...
2020-09-09 14:22:48:629 [ADB] Creating ADB subprocess with args: ["-P",5037,"-s","emulator-5554","shell","am","instrument","-w","io.appium.uiautomator2.server.test/androidx.test.runner.AndroidJUnitRunner"]
2020-09-09 14:22:49:359 [Instrumentation] io.appium.uiautomator2.server.test.AppiumUiAutomator2Server:
2020-09-09 14:22:49:634 [WD Proxy] Matched '/status' to command name 'getStatus'
2020-09-09 14:22:49:635 [WD Proxy] Proxying [GET /status] to [GET http://127.0.0.1:10000/wd/hub/status] with no body
2020-09-09 14:22:49:638 [WD Proxy] socket hang up
2020-09-09 14:22:50:641 [WD Proxy] Matched '/status' to command name 'getStatus'
2020-09-09 14:22:50:641 [WD Proxy] Proxying [GET /status] to [GET http://127.0.0.1:10000/wd/hub/status] with no body
2020-09-09 14:22:50:728 [WD Proxy] Got response with status 200: {"sessionId":"None","value":{"message":"UiAutomator2 Server is ready to accept commands","ready":true}}
2020-09-09 14:22:50:728 [UiAutomator2] The initialization of the instrumentation process took 2099ms
2020-09-09 14:22:50:728 [WD Proxy] Matched '/session' to command name 'createSession'
2020-09-09 14:22:50:729 [WD Proxy] Proxying [POST /session] to [POST http://127.0.0.1:10000/wd/hub/session] with body: {"capabilities":{"firstMatch":[{"platform":"LINUX","webStorageEnabled":false,"takesScreenshot":true,"javascriptEnabled":true,"databaseEnabled":false,"networkConnectionEnabled":true,"locationContextEnabled":false,"warnings":{},"desired":{"platformName":"android","chromeDriverPort":11000,"app":"C:\\Users\\james\\Documents\\appium-cucumberbdd-master\\src\\test\\resources\\apps\\Android.SauceLabs.Mobile.Sample.app.2.2.1.apk","appActivity":"com.swaglabsmobileapp.SplashActivity","appPackage":"com.swaglabsmobileapp","automationName":"UiAutomator2","deviceName":"OnePlus","systemPort":10000,"udid":"emulator-5554"},"platformName":"android","chromeDriverPort":11000,"app":"C:\\Users\\james\\Documents\\appium-cucumberbdd-master\\src\\test\\resources\\apps\\Android.SauceLabs.Mobile.Sample.app.2.2.1.apk","appActivity":"com.swaglabsmobileapp.SplashActivity","appPackage":"com.swaglabsmobileapp","automationName":"UiAutomator2","deviceName":"emulator-5554","systemPort":10000,"udid":"emulator-5554","deviceUDID":"emulator-5554...
2020-09-09 14:22:50:755 [WD Proxy] Got response with status 200: {"sessionId":"b4ffc4f1-73cb-43ce-b836-1fe290b149af","value":{"capabilities":{"firstMatch":[{"platform":"LINUX","webStorageEnabled":false,"takesScreenshot":true,"javascriptEnabled":true,"databaseEnabled":false,"networkConnectionEnabled":true,"locationContextEnabled":false,"warnings":{},"desired":{"platformName":"android","chromeDriverPort":11000,"app":"C:\\Users\\james\\Documents\\appium-cucumberbdd-master\\src\\test\\resources\\apps\\Android.SauceLabs.Mobile.Sample.app.2.2.1.apk","appActivity":"com.swaglabsmobileapp.SplashActivity","appPackage":"com.swaglabsmobileapp","automationName":"UiAutomator2","deviceName":"OnePlus","systemPort":10000,"udid":"emulator-5554"},"platformName":"android","chromeDriverPort":11000,"app":"C:\\Users\\james\\Documents\\appium-cucumberbdd-master\\src\\test\\resources\\apps\\Android.SauceLabs.Mobile.Sample.app.2.2.1.apk","appActivity":"com.swaglabsmobileapp.SplashActivity","appPackage":"com.swaglabsmobileapp","automationName":"UiAutomator2","deviceName":"emulator-5554","systemPo...
2020-09-09 14:22:50:756 [WD Proxy] Determined the downstream protocol as 'W3C'
2020-09-09 14:22:50:765 [WD Proxy] Proxying [GET /appium/device/info] to [GET http://127.0.0.1:10000/wd/hub/session/b4ffc4f1-73cb-43ce-b836-1fe290b149af/appium/device/info] with no body
2020-09-09 14:22:50:796 [WD Proxy] Got response with status 200: {"sessionId":"b4ffc4f1-73cb-43ce-b836-1fe290b149af","value":{"androidId":"16a9a34347cd118d","apiVersion":"28","bluetooth":null,"brand":"google","carrierName":"Android","displayDensity":420,"locale":"en_US","manufacturer":"Google","model":"AOSP on IA Emulator","networks":[{"capabilities":{"SSID":null,"linkDownBandwidthKbps":1048576,"linkUpstreamBandwidthKbps":1048576,"networkCapabilities":"NET_CAPABILITY_NOT_METERED,NET_CAPABILITY_INTERNET,NET_CAPABILITY_NOT_RESTRICTED,NET_CAPABILITY_TRUSTED,NET_CAPABILITY_NOT_VPN,NET_CAPABILITY_VALIDATED,NET_CAPABILITY_NOT_ROAMING,NET_CAPABILITY_FOREGROUND,NET_CAPABILITY_NOT_CONGESTED,NET_CAPABILITY_NOT_SUSPENDED","signalStrength":-50,"transportTypes":"TRANSPORT_WIFI"},"detailedState":"CONNECTED","extraInfo":null,"isAvailable":true,"isConnected":true,"isFailover":false,"isRoaming":false,"state":"CONNECTED","subtype":0,"subtypeName":"","type":1,"typeName":"WIFI"},{"capabilities":{"SSID":null,"linkDownBandwidthKbps":102400,"linkUpstreamBandwidthKbps":51200,"networkCapabiliti...
2020-09-09 14:22:50:797 [ADB] Running 'C:\Users\james\AppData\Local\Android\Sdk\platform-tools\adb.exe -P 5037 -s emulator-5554 shell dumpsys window'
2020-09-09 14:22:50:848 [AndroidDriver] Screen already unlocked, doing nothing
2020-09-09 14:22:50:848 [UiAutomator2] Starting 'com.swaglabsmobileapp/com.swaglabsmobileapp.SplashActivity and waiting for 'com.swaglabsmobileapp/com.swaglabsmobileapp.SplashActivity'
2020-09-09 14:22:50:849 [ADB] Running 'C:\Users\james\AppData\Local\Android\Sdk\platform-tools\adb.exe -P 5037 -s emulator-5554 shell am start -W -n com.swaglabsmobileapp/com.swaglabsmobileapp.SplashActivity -S -a android.intent.action.MAIN -c android.intent.category.LAUNCHER -f 0x10200000'
2020-09-09 14:22:51:755 [WD Proxy] Proxying [GET /appium/device/pixel_ratio] to [GET http://127.0.0.1:10000/wd/hub/session/b4ffc4f1-73cb-43ce-b836-1fe290b149af/appium/device/pixel_ratio] with no body
2020-09-09 14:22:51:764 [WD Proxy] Got response with status 200: {"sessionId":"b4ffc4f1-73cb-43ce-b836-1fe290b149af","value":2.625}
2020-09-09 14:22:51:765 [WD Proxy] Matched '/appium/device/system_bars' to command name 'getSystemBars'
2020-09-09 14:22:51:765 [WD Proxy] Proxying [GET /appium/device/system_bars] to [GET http://127.0.0.1:10000/wd/hub/session/b4ffc4f1-73cb-43ce-b836-1fe290b149af/appium/device/system_bars] with no body
2020-09-09 14:22:51:771 [WD Proxy] Got response with status 200: {"sessionId":"b4ffc4f1-73cb-43ce-b836-1fe290b149af","value":{"statusBar":63}}
2020-09-09 14:22:51:772 [WD Proxy] Matched '/window/current/size' to command name 'getWindowSize'
2020-09-09 14:22:51:772 [WD Proxy] Proxying [GET /window/current/size] to [GET http://127.0.0.1:10000/wd/hub/session/b4ffc4f1-73cb-43ce-b836-1fe290b149af/window/current/size] with no body
2020-09-09 14:22:51:782 [WD Proxy] Got response with status 200: {"sessionId":"b4ffc4f1-73cb-43ce-b836-1fe290b149af","value":{"height":1794,"width":1080}}
2020-09-09 14:22:51:783 [Appium] New AndroidUiautomator2Driver session created successfully, session 2cc77cc3-28cc-4d5e-b8d1-cce216095a93 added to master session list
2020-09-09 14:22:51:784 [BaseDriver] Event 'newSessionStarted' logged at 1599661371784 (15:22:51 GMT+0100 (Irish Standard Time))
2020-09-09 14:22:51:785 [W3C (2cc77cc3)] Cached the protocol value 'W3C' for the new session 2cc77cc3-28cc-4d5e-b8d1-cce216095a93
2020-09-09 14:22:51:785 [W3C (2cc77cc3)] Responding to client with driver.createSession() result: {"capabilities":{"platform":"LINUX","webStorageEnabled":false,"takesScreenshot":true,"javascriptEnabled":true,"databaseEnabled":false,"networkConnectionEnabled":true,"locationContextEnabled":false,"warnings":{},"desired":{"platformName":"android","chromeDriverPort":11000,"app":"C:\\Users\\james\\Documents\\appium-cucumberbdd-master\\src\\test\\resources\\apps\\Android.SauceLabs.Mobile.Sample.app.2.2.1.apk","appActivity":"com.swaglabsmobileapp.SplashActivity","appPackage":"com.swaglabsmobileapp","automationName":"UiAutomator2","deviceName":"OnePlus","systemPort":10000,"udid":"emulator-5554"},"platformName":"android","chromeDriverPort":11000,"app":"C:\\Users\\james\\Documents\\appium-cucumberbdd-master\\src\\test\\resources\\apps\\Android.SauceLabs.Mobile.Sample.app.2.2.1.apk","appActivity":"com.swaglabsmobileapp.SplashActivity","appPackage":"com.swaglabsmobileapp","automationName":"UiAutomator2","deviceName":"emulator-5554","systemPort":10000,"udid":"emulator-5554","deviceUDID":"emulator-5554","deviceApiLev...
2020-09-09 14:22:51:786 [HTTP] <-- POST /wd/hub/session 200 6670 ms - 1335
2020-09-09 14:22:51:786 [HTTP] 
2020-09-09 14:22:51:790 [HTTP] --> GET /wd/hub/session/2cc77cc3-28cc-4d5e-b8d1-cce216095a93/context
2020-09-09 14:22:51:790 [HTTP] {}
2020-09-09 14:22:51:796 [W3C (2cc77cc3)] Calling AppiumDriver.getCurrentContext() with args: ["2cc77cc3-28cc-4d5e-b8d1-cce216095a93"]
2020-09-09 14:22:51:796 [W3C (2cc77cc3)] Responding to client with driver.getCurrentContext() result: "NATIVE_APP"
2020-09-09 14:22:51:798 [HTTP] <-- GET /wd/hub/session/2cc77cc3-28cc-4d5e-b8d1-cce216095a93/context 200 8 ms - 22
2020-09-09 14:22:51:798 [HTTP] 
2020-09-09 14:22:51:801 [HTTP] --> POST /wd/hub/session/2cc77cc3-28cc-4d5e-b8d1-cce216095a93/element
2020-09-09 14:22:51:802 [HTTP] {"using":"accessibility id","value":"test-Username"}
2020-09-09 14:22:51:803 [W3C (2cc77cc3)] Calling AppiumDriver.findElement() with args: ["accessibility id","test-Username","2cc77cc3-28cc-4d5e-b8d1-cce216095a93"]
2020-09-09 14:22:51:803 [BaseDriver] Valid locator strategies for this request: xpath, id, class name, accessibility id, -android uiautomator
2020-09-09 14:22:51:803 [BaseDriver] Waiting up to 0 ms for condition
2020-09-09 14:22:51:804 [WD Proxy] Matched '/element' to command name 'findElement'
2020-09-09 14:22:51:804 [WD Proxy] Proxying [POST /element] to [POST http://127.0.0.1:10000/wd/hub/session/b4ffc4f1-73cb-43ce-b836-1fe290b149af/element] with body: {"strategy":"accessibility id","selector":"test-Username","context":"","multiple":false}
2020-09-09 14:22:52:180 [WD Proxy] Got response with status 404: {"sessionId":"b4ffc4f1-73cb-43ce-b836-1fe290b149af","value":{"error":"no such element","message":"An element could not be located on the page using the given search parameters","stacktrace":"io.appium.uiautomator2.common.exceptions.ElementNotFoundException: An element could not be located on the page using the given search parameters\n\tat io.appium.uiautomator2.handler.FindElement.safeHandle(FindElement.java:73)\n\tat io.appium.uiautomator2.handler.request.SafeRequestHandler.handle(SafeRequestHandler.java:41)\n\tat io.appium.uiautomator2.server.AppiumServlet.handleRequest(AppiumServlet.java:253)\n\tat io.appium.uiautomator2.server.AppiumServlet.handleHttpRequest(AppiumServlet.java:247)\n\tat io.appium.uiautomator2.http.ServerHandler.channelRead(ServerHandler.java:68)\n\tat io.netty.channel.AbstractChannelHandlerContext.invokeChannelRead(AbstractChannelHandlerContext.java:366)\n\tat io.netty.channel.AbstractChannelHandlerContext.invokeChannelRead(AbstractChannelHandlerContext.java:352)\n\tat io.netty.chann...
2020-09-09 14:22:52:181 [W3C] Matched W3C error code 'no such element' to NoSuchElementError
2020-09-09 14:22:52:190 [W3C (2cc77cc3)] Encountered internal error running command: NoSuchElementError: An element could not be located on the page using the given search parameters.
2020-09-09 14:22:52:191 [W3C (2cc77cc3)]     at AndroidUiautomator2Driver.findElOrEls (C:\Users\james\AppData\Roaming\npm\node_modules\appium\node_modules\appium-android-driver\lib\commands\find.js:75:11)
2020-09-09 14:22:52:191 [W3C (2cc77cc3)]     at processTicksAndRejections (internal/process/task_queues.js:97:5)
2020-09-09 14:22:52:192 [HTTP] <-- POST /wd/hub/session/2cc77cc3-28cc-4d5e-b8d1-cce216095a93/element 404 390 ms - 492
2020-09-09 14:22:52:192 [HTTP] 
2020-09-09 14:22:52:701 [HTTP] --> POST /wd/hub/session/2cc77cc3-28cc-4d5e-b8d1-cce216095a93/element
2020-09-09 14:22:52:702 [HTTP] {"using":"accessibility id","value":"test-Username"}
2020-09-09 14:22:52:704 [W3C (2cc77cc3)] Calling AppiumDriver.findElement() with args: ["accessibility id","test-Username","2cc77cc3-28cc-4d5e-b8d1-cce216095a93"]
2020-09-09 14:22:52:705 [BaseDriver] Valid locator strategies for this request: xpath, id, class name, accessibility id, -android uiautomator
2020-09-09 14:22:52:706 [BaseDriver] Waiting up to 0 ms for condition
2020-09-09 14:22:52:708 [WD Proxy] Matched '/element' to command name 'findElement'
2020-09-09 14:22:52:708 [WD Proxy] Proxying [POST /element] to [POST http://127.0.0.1:10000/wd/hub/session/b4ffc4f1-73cb-43ce-b836-1fe290b149af/element] with body: {"strategy":"accessibility id","selector":"test-Username","context":"","multiple":false}
2020-09-09 14:22:53:147 [WD Proxy] Got response with status 200: {"sessionId":"b4ffc4f1-73cb-43ce-b836-1fe290b149af","value":{"ELEMENT":"b22b1553-c3e8-4948-895e-72ba50722f5a","element-6066-11e4-a52e-4f735466cecf":"b22b1553-c3e8-4948-895e-72ba50722f5a"}}
2020-09-09 14:22:53:148 [W3C (2cc77cc3)] Responding to client with driver.findElement() result: {"element-6066-11e4-a52e-4f735466cecf":"b22b1553-c3e8-4948-895e-72ba50722f5a","ELEMENT":"b22b1553-c3e8-4948-895e-72ba50722f5a"}
2020-09-09 14:22:53:149 [HTTP] <-- POST /wd/hub/session/2cc77cc3-28cc-4d5e-b8d1-cce216095a93/element 200 448 ms - 137
2020-09-09 14:22:53:149 [HTTP] 
2020-09-09 14:22:53:150 [HTTP] --> GET /wd/hub/session/2cc77cc3-28cc-4d5e-b8d1-cce216095a93/element/b22b1553-c3e8-4948-895e-72ba50722f5a/displayed
2020-09-09 14:22:53:150 [HTTP] {}
2020-09-09 14:22:53:151 [W3C (2cc77cc3)] Calling AppiumDriver.elementDisplayed() with args: ["b22b1553-c3e8-4948-895e-72ba50722f5a","2cc77cc3-28cc-4d5e-b8d1-cce216095a93"]
2020-09-09 14:22:53:151 [WD Proxy] Matched '/element/b22b1553-c3e8-4948-895e-72ba50722f5a/attribute/displayed' to command name 'getAttribute'
2020-09-09 14:22:53:152 [WD Proxy] Proxying [GET /element/b22b1553-c3e8-4948-895e-72ba50722f5a/attribute/displayed] to [GET http://127.0.0.1:10000/wd/hub/session/b4ffc4f1-73cb-43ce-b836-1fe290b149af/element/b22b1553-c3e8-4948-895e-72ba50722f5a/attribute/displayed] with no body
2020-09-09 14:22:53:162 [WD Proxy] Got response with status 200: {"sessionId":"b4ffc4f1-73cb-43ce-b836-1fe290b149af","value":"true"}
2020-09-09 14:22:53:162 [W3C (2cc77cc3)] Responding to client with driver.elementDisplayed() result: true
2020-09-09 14:22:53:163 [HTTP] <-- GET /wd/hub/session/2cc77cc3-28cc-4d5e-b8d1-cce216095a93/element/b22b1553-c3e8-4948-895e-72ba50722f5a/displayed 200 12 ms - 14
2020-09-09 14:22:53:163 [HTTP] 
2020-09-09 14:22:53:167 [HTTP] --> GET /wd/hub/session/2cc77cc3-28cc-4d5e-b8d1-cce216095a93/context
2020-09-09 14:22:53:167 [HTTP] {}
2020-09-09 14:22:53:168 [W3C (2cc77cc3)] Calling AppiumDriver.getCurrentContext() with args: ["2cc77cc3-28cc-4d5e-b8d1-cce216095a93"]
2020-09-09 14:22:53:168 [W3C (2cc77cc3)] Responding to client with driver.getCurrentContext() result: "NATIVE_APP"
2020-09-09 14:22:53:168 [HTTP] <-- GET /wd/hub/session/2cc77cc3-28cc-4d5e-b8d1-cce216095a93/context 200 4 ms - 22
2020-09-09 14:22:53:169 [HTTP] 
2020-09-09 14:22:53:171 [HTTP] --> POST /wd/hub/session/2cc77cc3-28cc-4d5e-b8d1-cce216095a93/element
2020-09-09 14:22:53:171 [HTTP] {"using":"accessibility id","value":"test-Username"}
2020-09-09 14:22:53:172 [W3C (2cc77cc3)] Calling AppiumDriver.findElement() with args: ["accessibility id","test-Username","2cc77cc3-28cc-4d5e-b8d1-cce216095a93"]
2020-09-09 14:22:53:172 [BaseDriver] Valid locator strategies for this request: xpath, id, class name, accessibility id, -android uiautomator
2020-09-09 14:22:53:172 [BaseDriver] Waiting up to 0 ms for condition
2020-09-09 14:22:53:173 [WD Proxy] Matched '/element' to command name 'findElement'
2020-09-09 14:22:53:173 [WD Proxy] Proxying [POST /element] to [POST http://127.0.0.1:10000/wd/hub/session/b4ffc4f1-73cb-43ce-b836-1fe290b149af/element] with body: {"strategy":"accessibility id","selector":"test-Username","context":"","multiple":false}
2020-09-09 14:22:53:192 [WD Proxy] Got response with status 200: {"sessionId":"b4ffc4f1-73cb-43ce-b836-1fe290b149af","value":{"ELEMENT":"86164c72-9bb1-4846-8f79-0778155fb78e","element-6066-11e4-a52e-4f735466cecf":"86164c72-9bb1-4846-8f79-0778155fb78e"}}
2020-09-09 14:22:53:193 [W3C (2cc77cc3)] Responding to client with driver.findElement() result: {"element-6066-11e4-a52e-4f735466cecf":"86164c72-9bb1-4846-8f79-0778155fb78e","ELEMENT":"86164c72-9bb1-4846-8f79-0778155fb78e"}
2020-09-09 14:22:53:193 [HTTP] <-- POST /wd/hub/session/2cc77cc3-28cc-4d5e-b8d1-cce216095a93/element 200 22 ms - 137
2020-09-09 14:22:53:193 [HTTP] 
2020-09-09 14:22:53:196 [HTTP] --> POST /wd/hub/session/2cc77cc3-28cc-4d5e-b8d1-cce216095a93/element/86164c72-9bb1-4846-8f79-0778155fb78e/clear
2020-09-09 14:22:53:197 [HTTP] {"id":"86164c72-9bb1-4846-8f79-0778155fb78e"}
2020-09-09 14:22:53:197 [W3C (2cc77cc3)] Calling AppiumDriver.clear() with args: ["86164c72-9bb1-4846-8f79-0778155fb78e","2cc77cc3-28cc-4d5e-b8d1-cce216095a93"]
2020-09-09 14:22:53:197 [WD Proxy] Matched '/element/86164c72-9bb1-4846-8f79-0778155fb78e/clear' to command name 'clear'
2020-09-09 14:22:53:198 [WD Proxy] Proxying [POST /element/86164c72-9bb1-4846-8f79-0778155fb78e/clear] to [POST http://127.0.0.1:10000/wd/hub/session/b4ffc4f1-73cb-43ce-b836-1fe290b149af/element/86164c72-9bb1-4846-8f79-0778155fb78e/clear] with body: {"elementId":"86164c72-9bb1-4846-8f79-0778155fb78e"}
2020-09-09 14:22:53:209 [WD Proxy] Got response with status 200: {"sessionId":"b4ffc4f1-73cb-43ce-b836-1fe290b149af","value":null}
2020-09-09 14:22:53:210 [W3C (2cc77cc3)] Responding to client with driver.clear() result: null
2020-09-09 14:22:53:210 [HTTP] <-- POST /wd/hub/session/2cc77cc3-28cc-4d5e-b8d1-cce216095a93/element/86164c72-9bb1-4846-8f79-0778155fb78e/clear 200 14 ms - 14
2020-09-09 14:22:53:210 [HTTP] 
2020-09-09 14:22:53:212 [HTTP] --> GET /wd/hub/session/2cc77cc3-28cc-4d5e-b8d1-cce216095a93/context
2020-09-09 14:22:53:212 [HTTP] {}
2020-09-09 14:22:53:212 [W3C (2cc77cc3)] Calling AppiumDriver.getCurrentContext() with args: ["2cc77cc3-28cc-4d5e-b8d1-cce216095a93"]
2020-09-09 14:22:53:213 [W3C (2cc77cc3)] Responding to client with driver.getCurrentContext() result: "NATIVE_APP"
2020-09-09 14:22:53:213 [HTTP] <-- GET /wd/hub/session/2cc77cc3-28cc-4d5e-b8d1-cce216095a93/context 200 1 ms - 22
2020-09-09 14:22:53:213 [HTTP] 
2020-09-09 14:22:53:215 [HTTP] --> POST /wd/hub/session/2cc77cc3-28cc-4d5e-b8d1-cce216095a93/element
2020-09-09 14:22:53:216 [HTTP] {"using":"accessibility id","value":"test-Username"}
2020-09-09 14:22:53:216 [W3C (2cc77cc3)] Calling AppiumDriver.findElement() with args: ["accessibility id","test-Username","2cc77cc3-28cc-4d5e-b8d1-cce216095a93"]
2020-09-09 14:22:53:216 [BaseDriver] Valid locator strategies for this request: xpath, id, class name, accessibility id, -android uiautomator
2020-09-09 14:22:53:217 [BaseDriver] Waiting up to 0 ms for condition
2020-09-09 14:22:53:217 [WD Proxy] Matched '/element' to command name 'findElement'
2020-09-09 14:22:53:217 [WD Proxy] Proxying [POST /element] to [POST http://127.0.0.1:10000/wd/hub/session/b4ffc4f1-73cb-43ce-b836-1fe290b149af/element] with body: {"strategy":"accessibility id","selector":"test-Username","context":"","multiple":false}
2020-09-09 14:22:54:056 [WD Proxy] Got response with status 200: {"sessionId":"b4ffc4f1-73cb-43ce-b836-1fe290b149af","value":{"ELEMENT":"20469ee9-e794-45a3-8cb5-72868adde862","element-6066-11e4-a52e-4f735466cecf":"20469ee9-e794-45a3-8cb5-72868adde862"}}
2020-09-09 14:22:54:057 [W3C (2cc77cc3)] Responding to client with driver.findElement() result: {"element-6066-11e4-a52e-4f735466cecf":"20469ee9-e794-45a3-8cb5-72868adde862","ELEMENT":"20469ee9-e794-45a3-8cb5-72868adde862"}
2020-09-09 14:22:54:057 [HTTP] <-- POST /wd/hub/session/2cc77cc3-28cc-4d5e-b8d1-cce216095a93/element 200 842 ms - 137
2020-09-09 14:22:54:058 [HTTP] 
2020-09-09 14:22:54:059 [HTTP] --> GET /wd/hub/session/2cc77cc3-28cc-4d5e-b8d1-cce216095a93/element/20469ee9-e794-45a3-8cb5-72868adde862/displayed
2020-09-09 14:22:54:059 [HTTP] {}
2020-09-09 14:22:54:060 [W3C (2cc77cc3)] Calling AppiumDriver.elementDisplayed() with args: ["20469ee9-e794-45a3-8cb5-72868adde862","2cc77cc3-28cc-4d5e-b8d1-cce216095a93"]
2020-09-09 14:22:54:061 [WD Proxy] Matched '/element/20469ee9-e794-45a3-8cb5-72868adde862/attribute/displayed' to command name 'getAttribute'
2020-09-09 14:22:54:061 [WD Proxy] Proxying [GET /element/20469ee9-e794-45a3-8cb5-72868adde862/attribute/displayed] to [GET http://127.0.0.1:10000/wd/hub/session/b4ffc4f1-73cb-43ce-b836-1fe290b149af/element/20469ee9-e794-45a3-8cb5-72868adde862/attribute/displayed] with no body
2020-09-09 14:22:54:097 [WD Proxy] Got response with status 200: {"sessionId":"b4ffc4f1-73cb-43ce-b836-1fe290b149af","value":"true"}
2020-09-09 14:22:54:097 [W3C (2cc77cc3)] Responding to client with driver.elementDisplayed() result: true
2020-09-09 14:22:54:098 [HTTP] <-- GET /wd/hub/session/2cc77cc3-28cc-4d5e-b8d1-cce216095a93/element/20469ee9-e794-45a3-8cb5-72868adde862/displayed 200 39 ms - 14
2020-09-09 14:22:54:102 [HTTP] 
2020-09-09 14:22:54:102 [HTTP] --> GET /wd/hub/session/2cc77cc3-28cc-4d5e-b8d1-cce216095a93/context
2020-09-09 14:22:54:103 [HTTP] {}
2020-09-09 14:22:54:103 [W3C (2cc77cc3)] Calling AppiumDriver.getCurrentContext() with args: ["2cc77cc3-28cc-4d5e-b8d1-cce216095a93"]
2020-09-09 14:22:54:103 [W3C (2cc77cc3)] Responding to client with driver.getCurrentContext() result: "NATIVE_APP"
2020-09-09 14:22:54:104 [HTTP] <-- GET /wd/hub/session/2cc77cc3-28cc-4d5e-b8d1-cce216095a93/context 200 1 ms - 22
2020-09-09 14:22:54:104 [HTTP] 
2020-09-09 14:22:54:107 [HTTP] --> POST /wd/hub/session/2cc77cc3-28cc-4d5e-b8d1-cce216095a93/element
2020-09-09 14:22:54:107 [HTTP] {"using":"accessibility id","value":"test-Username"}
2020-09-09 14:22:54:107 [W3C (2cc77cc3)] Calling AppiumDriver.findElement() with args: ["accessibility id","test-Username","2cc77cc3-28cc-4d5e-b8d1-cce216095a93"]
2020-09-09 14:22:54:108 [BaseDriver] Valid locator strategies for this request: xpath, id, class name, accessibility id, -android uiautomator
2020-09-09 14:22:54:108 [BaseDriver] Waiting up to 0 ms for condition
2020-09-09 14:22:54:108 [WD Proxy] Matched '/element' to command name 'findElement'
2020-09-09 14:22:54:109 [WD Proxy] Proxying [POST /element] to [POST http://127.0.0.1:10000/wd/hub/session/b4ffc4f1-73cb-43ce-b836-1fe290b149af/element] with body: {"strategy":"accessibility id","selector":"test-Username","context":"","multiple":false}
2020-09-09 14:22:54:147 [WD Proxy] Got response with status 200: {"sessionId":"b4ffc4f1-73cb-43ce-b836-1fe290b149af","value":{"ELEMENT":"db810e08-0812-41c9-bf82-0121871ffbff","element-6066-11e4-a52e-4f735466cecf":"db810e08-0812-41c9-bf82-0121871ffbff"}}
2020-09-09 14:22:54:148 [W3C (2cc77cc3)] Responding to client with driver.findElement() result: {"element-6066-11e4-a52e-4f735466cecf":"db810e08-0812-41c9-bf82-0121871ffbff","ELEMENT":"db810e08-0812-41c9-bf82-0121871ffbff"}
2020-09-09 14:22:54:148 [HTTP] <-- POST /wd/hub/session/2cc77cc3-28cc-4d5e-b8d1-cce216095a93/element 200 41 ms - 137
2020-09-09 14:22:54:149 [HTTP] 
2020-09-09 14:22:54:151 [HTTP] --> POST /wd/hub/session/2cc77cc3-28cc-4d5e-b8d1-cce216095a93/element/db810e08-0812-41c9-bf82-0121871ffbff/value
2020-09-09 14:22:54:151 [HTTP] {"id":"db810e08-0812-41c9-bf82-0121871ffbff","text":"standard_user","value":["s","t","a","n","d","a","r","d","_","u","s","e","r"]}
2020-09-09 14:22:54:151 [W3C (2cc77cc3)] Calling AppiumDriver.setValue() with args: [["s","t","a","n","d","a","r","d","_","u","s","e","r"],"db810e08-0812-41c9-bf82-0121871ffbff","2cc77cc3-28cc-4d5e-b8d1-cce216095a93"]
2020-09-09 14:22:54:152 [WD Proxy] Matched '/element/db810e08-0812-41c9-bf82-0121871ffbff/value' to command name 'setValue'
2020-09-09 14:22:54:152 [Protocol Converter] Added 'value' property ["s","t","a","n","d","a","r","d","_","u","s","e","r"] to 'setValue' request body
2020-09-09 14:22:54:153 [WD Proxy] Proxying [POST /element/db810e08-0812-41c9-bf82-0121871ffbff/value] to [POST http://127.0.0.1:10000/wd/hub/session/b4ffc4f1-73cb-43ce-b836-1fe290b149af/element/db810e08-0812-41c9-bf82-0121871ffbff/value] with body: {"elementId":"db810e08-0812-41c9-bf82-0121871ffbff","text":"standard_user","replace":false,"value":["s","t","a","n","d","a","r","d","_","u","s","e","r"]}
2020-09-09 14:22:54:721 [WD Proxy] Got response with status 200: {"sessionId":"b4ffc4f1-73cb-43ce-b836-1fe290b149af","value":null}
2020-09-09 14:22:54:722 [W3C (2cc77cc3)] Responding to client with driver.setValue() result: null
2020-09-09 14:22:54:723 [HTTP] <-- POST /wd/hub/session/2cc77cc3-28cc-4d5e-b8d1-cce216095a93/element/db810e08-0812-41c9-bf82-0121871ffbff/value 200 572 ms - 14
2020-09-09 14:22:54:723 [HTTP] 
2020-09-09 14:22:54:725 [HTTP] --> GET /wd/hub/session/2cc77cc3-28cc-4d5e-b8d1-cce216095a93/context
2020-09-09 14:22:54:726 [HTTP] {}
2020-09-09 14:22:54:726 [W3C (2cc77cc3)] Calling AppiumDriver.getCurrentContext() with args: ["2cc77cc3-28cc-4d5e-b8d1-cce216095a93"]
2020-09-09 14:22:54:727 [W3C (2cc77cc3)] Responding to client with driver.getCurrentContext() result: "NATIVE_APP"
2020-09-09 14:22:54:728 [HTTP] <-- GET /wd/hub/session/2cc77cc3-28cc-4d5e-b8d1-cce216095a93/context 200 2 ms - 22
2020-09-09 14:22:54:728 [HTTP] 
2020-09-09 14:22:54:732 [HTTP] --> POST /wd/hub/session/2cc77cc3-28cc-4d5e-b8d1-cce216095a93/element
2020-09-09 14:22:54:732 [HTTP] {"using":"accessibility id","value":"test-Password"}
2020-09-09 14:22:54:733 [W3C (2cc77cc3)] Calling AppiumDriver.findElement() with args: ["accessibility id","test-Password","2cc77cc3-28cc-4d5e-b8d1-cce216095a93"]
2020-09-09 14:22:54:733 [BaseDriver] Valid locator strategies for this request: xpath, id, class name, accessibility id, -android uiautomator
2020-09-09 14:22:54:733 [BaseDriver] Waiting up to 0 ms for condition
2020-09-09 14:22:54:733 [WD Proxy] Matched '/element' to command name 'findElement'
2020-09-09 14:22:54:734 [WD Proxy] Proxying [POST /element] to [POST http://127.0.0.1:10000/wd/hub/session/b4ffc4f1-73cb-43ce-b836-1fe290b149af/element] with body: {"strategy":"accessibility id","selector":"test-Password","context":"","multiple":false}
2020-09-09 14:22:55:248 [WD Proxy] Got response with status 200: {"sessionId":"b4ffc4f1-73cb-43ce-b836-1fe290b149af","value":{"ELEMENT":"d590f686-3bbb-4086-9234-dd092f3d4b24","element-6066-11e4-a52e-4f735466cecf":"d590f686-3bbb-4086-9234-dd092f3d4b24"}}
2020-09-09 14:22:55:248 [W3C (2cc77cc3)] Responding to client with driver.findElement() result: {"element-6066-11e4-a52e-4f735466cecf":"d590f686-3bbb-4086-9234-dd092f3d4b24","ELEMENT":"d590f686-3bbb-4086-9234-dd092f3d4b24"}
2020-09-09 14:22:55:249 [HTTP] <-- POST /wd/hub/session/2cc77cc3-28cc-4d5e-b8d1-cce216095a93/element 200 517 ms - 137
2020-09-09 14:22:55:249 [HTTP] 
2020-09-09 14:22:55:250 [HTTP] --> GET /wd/hub/session/2cc77cc3-28cc-4d5e-b8d1-cce216095a93/element/d590f686-3bbb-4086-9234-dd092f3d4b24/displayed
2020-09-09 14:22:55:251 [HTTP] {}
2020-09-09 14:22:55:251 [W3C (2cc77cc3)] Calling AppiumDriver.elementDisplayed() with args: ["d590f686-3bbb-4086-9234-dd092f3d4b24","2cc77cc3-28cc-4d5e-b8d1-cce216095a93"]
2020-09-09 14:22:55:252 [WD Proxy] Matched '/element/d590f686-3bbb-4086-9234-dd092f3d4b24/attribute/displayed' to command name 'getAttribute'
2020-09-09 14:22:55:252 [WD Proxy] Proxying [GET /element/d590f686-3bbb-4086-9234-dd092f3d4b24/attribute/displayed] to [GET http://127.0.0.1:10000/wd/hub/session/b4ffc4f1-73cb-43ce-b836-1fe290b149af/element/d590f686-3bbb-4086-9234-dd092f3d4b24/attribute/displayed] with no body
2020-09-09 14:22:55:262 [WD Proxy] Got response with status 200: {"sessionId":"b4ffc4f1-73cb-43ce-b836-1fe290b149af","value":"true"}
2020-09-09 14:22:55:263 [W3C (2cc77cc3)] Responding to client with driver.elementDisplayed() result: true
2020-09-09 14:22:55:263 [HTTP] <-- GET /wd/hub/session/2cc77cc3-28cc-4d5e-b8d1-cce216095a93/element/d590f686-3bbb-4086-9234-dd092f3d4b24/displayed 200 13 ms - 14
2020-09-09 14:22:55:263 [HTTP] 
2020-09-09 14:22:55:265 [HTTP] --> GET /wd/hub/session/2cc77cc3-28cc-4d5e-b8d1-cce216095a93/context
2020-09-09 14:22:55:265 [HTTP] {}
2020-09-09 14:22:55:265 [W3C (2cc77cc3)] Calling AppiumDriver.getCurrentContext() with args: ["2cc77cc3-28cc-4d5e-b8d1-cce216095a93"]
2020-09-09 14:22:55:266 [W3C (2cc77cc3)] Responding to client with driver.getCurrentContext() result: "NATIVE_APP"
2020-09-09 14:22:55:266 [HTTP] <-- GET /wd/hub/session/2cc77cc3-28cc-4d5e-b8d1-cce216095a93/context 200 1 ms - 22
2020-09-09 14:22:55:266 [HTTP] 
2020-09-09 14:22:55:268 [HTTP] --> POST /wd/hub/session/2cc77cc3-28cc-4d5e-b8d1-cce216095a93/element
2020-09-09 14:22:55:268 [HTTP] {"using":"accessibility id","value":"test-Password"}
2020-09-09 14:22:55:269 [W3C (2cc77cc3)] Calling AppiumDriver.findElement() with args: ["accessibility id","test-Password","2cc77cc3-28cc-4d5e-b8d1-cce216095a93"]
2020-09-09 14:22:55:269 [BaseDriver] Valid locator strategies for this request: xpath, id, class name, accessibility id, -android uiautomator
2020-09-09 14:22:55:269 [BaseDriver] Waiting up to 0 ms for condition
2020-09-09 14:22:55:270 [WD Proxy] Matched '/element' to command name 'findElement'
2020-09-09 14:22:55:270 [WD Proxy] Proxying [POST /element] to [POST http://127.0.0.1:10000/wd/hub/session/b4ffc4f1-73cb-43ce-b836-1fe290b149af/element] with body: {"strategy":"accessibility id","selector":"test-Password","context":"","multiple":false}
2020-09-09 14:22:55:287 [WD Proxy] Got response with status 200: {"sessionId":"b4ffc4f1-73cb-43ce-b836-1fe290b149af","value":{"ELEMENT":"836c716c-e889-4018-8c03-252af0759f70","element-6066-11e4-a52e-4f735466cecf":"836c716c-e889-4018-8c03-252af0759f70"}}
2020-09-09 14:22:55:287 [W3C (2cc77cc3)] Responding to client with driver.findElement() result: {"element-6066-11e4-a52e-4f735466cecf":"836c716c-e889-4018-8c03-252af0759f70","ELEMENT":"836c716c-e889-4018-8c03-252af0759f70"}
2020-09-09 14:22:55:288 [HTTP] <-- POST /wd/hub/session/2cc77cc3-28cc-4d5e-b8d1-cce216095a93/element 200 20 ms - 137
2020-09-09 14:22:55:288 [HTTP] 
2020-09-09 14:22:55:290 [HTTP] --> POST /wd/hub/session/2cc77cc3-28cc-4d5e-b8d1-cce216095a93/element/836c716c-e889-4018-8c03-252af0759f70/clear
2020-09-09 14:22:55:291 [HTTP] {"id":"836c716c-e889-4018-8c03-252af0759f70"}
2020-09-09 14:22:55:291 [W3C (2cc77cc3)] Calling AppiumDriver.clear() with args: ["836c716c-e889-4018-8c03-252af0759f70","2cc77cc3-28cc-4d5e-b8d1-cce216095a93"]
2020-09-09 14:22:55:291 [WD Proxy] Matched '/element/836c716c-e889-4018-8c03-252af0759f70/clear' to command name 'clear'
2020-09-09 14:22:55:291 [WD Proxy] Proxying [POST /element/836c716c-e889-4018-8c03-252af0759f70/clear] to [POST http://127.0.0.1:10000/wd/hub/session/b4ffc4f1-73cb-43ce-b836-1fe290b149af/element/836c716c-e889-4018-8c03-252af0759f70/clear] with body: {"elementId":"836c716c-e889-4018-8c03-252af0759f70"}
2020-09-09 14:22:55:303 [WD Proxy] Got response with status 200: {"sessionId":"b4ffc4f1-73cb-43ce-b836-1fe290b149af","value":null}
2020-09-09 14:22:55:303 [W3C (2cc77cc3)] Responding to client with driver.clear() result: null
2020-09-09 14:22:55:304 [HTTP] <-- POST /wd/hub/session/2cc77cc3-28cc-4d5e-b8d1-cce216095a93/element/836c716c-e889-4018-8c03-252af0759f70/clear 200 13 ms - 14
2020-09-09 14:22:55:304 [HTTP] 
2020-09-09 14:22:55:306 [HTTP] --> GET /wd/hub/session/2cc77cc3-28cc-4d5e-b8d1-cce216095a93/context
2020-09-09 14:22:55:306 [HTTP] {}
2020-09-09 14:22:55:307 [W3C (2cc77cc3)] Calling AppiumDriver.getCurrentContext() with args: ["2cc77cc3-28cc-4d5e-b8d1-cce216095a93"]
2020-09-09 14:22:55:307 [W3C (2cc77cc3)] Responding to client with driver.getCurrentContext() result: "NATIVE_APP"
2020-09-09 14:22:55:308 [HTTP] <-- GET /wd/hub/session/2cc77cc3-28cc-4d5e-b8d1-cce216095a93/context 200 2 ms - 22
2020-09-09 14:22:55:308 [HTTP] 
2020-09-09 14:22:55:310 [HTTP] --> POST /wd/hub/session/2cc77cc3-28cc-4d5e-b8d1-cce216095a93/element
2020-09-09 14:22:55:310 [HTTP] {"using":"accessibility id","value":"test-Password"}
2020-09-09 14:22:55:311 [W3C (2cc77cc3)] Calling AppiumDriver.findElement() with args: ["accessibility id","test-Password","2cc77cc3-28cc-4d5e-b8d1-cce216095a93"]
2020-09-09 14:22:55:311 [BaseDriver] Valid locator strategies for this request: xpath, id, class name, accessibility id, -android uiautomator
2020-09-09 14:22:55:311 [BaseDriver] Waiting up to 0 ms for condition
2020-09-09 14:22:55:311 [WD Proxy] Matched '/element' to command name 'findElement'
2020-09-09 14:22:55:311 [WD Proxy] Proxying [POST /element] to [POST http://127.0.0.1:10000/wd/hub/session/b4ffc4f1-73cb-43ce-b836-1fe290b149af/element] with body: {"strategy":"accessibility id","selector":"test-Password","context":"","multiple":false}
2020-09-09 14:22:55:818 [WD Proxy] Got response with status 200: {"sessionId":"b4ffc4f1-73cb-43ce-b836-1fe290b149af","value":{"ELEMENT":"fc8c3e60-92eb-4255-9d3d-9389d6efb63b","element-6066-11e4-a52e-4f735466cecf":"fc8c3e60-92eb-4255-9d3d-9389d6efb63b"}}
2020-09-09 14:22:55:818 [W3C (2cc77cc3)] Responding to client with driver.findElement() result: {"element-6066-11e4-a52e-4f735466cecf":"fc8c3e60-92eb-4255-9d3d-9389d6efb63b","ELEMENT":"fc8c3e60-92eb-4255-9d3d-9389d6efb63b"}
2020-09-09 14:22:55:819 [HTTP] <-- POST /wd/hub/session/2cc77cc3-28cc-4d5e-b8d1-cce216095a93/element 200 509 ms - 137
2020-09-09 14:22:55:819 [HTTP] 
2020-09-09 14:22:55:821 [HTTP] --> GET /wd/hub/session/2cc77cc3-28cc-4d5e-b8d1-cce216095a93/element/fc8c3e60-92eb-4255-9d3d-9389d6efb63b/displayed
2020-09-09 14:22:55:821 [HTTP] {}
2020-09-09 14:22:55:821 [W3C (2cc77cc3)] Calling AppiumDriver.elementDisplayed() with args: ["fc8c3e60-92eb-4255-9d3d-9389d6efb63b","2cc77cc3-28cc-4d5e-b8d1-cce216095a93"]
2020-09-09 14:22:55:821 [WD Proxy] Matched '/element/fc8c3e60-92eb-4255-9d3d-9389d6efb63b/attribute/displayed' to command name 'getAttribute'
2020-09-09 14:22:55:822 [WD Proxy] Proxying [GET /element/fc8c3e60-92eb-4255-9d3d-9389d6efb63b/attribute/displayed] to [GET http://127.0.0.1:10000/wd/hub/session/b4ffc4f1-73cb-43ce-b836-1fe290b149af/element/fc8c3e60-92eb-4255-9d3d-9389d6efb63b/attribute/displayed] with no body
2020-09-09 14:22:55:831 [WD Proxy] Got response with status 200: {"sessionId":"b4ffc4f1-73cb-43ce-b836-1fe290b149af","value":"true"}
2020-09-09 14:22:55:831 [W3C (2cc77cc3)] Responding to client with driver.elementDisplayed() result: true
2020-09-09 14:22:55:832 [HTTP] <-- GET /wd/hub/session/2cc77cc3-28cc-4d5e-b8d1-cce216095a93/element/fc8c3e60-92eb-4255-9d3d-9389d6efb63b/displayed 200 11 ms - 14
2020-09-09 14:22:55:832 [HTTP] 
2020-09-09 14:22:55:833 [HTTP] --> GET /wd/hub/session/2cc77cc3-28cc-4d5e-b8d1-cce216095a93/context
2020-09-09 14:22:55:834 [HTTP] {}
2020-09-09 14:22:55:834 [W3C (2cc77cc3)] Calling AppiumDriver.getCurrentContext() with args: ["2cc77cc3-28cc-4d5e-b8d1-cce216095a93"]
2020-09-09 14:22:55:834 [W3C (2cc77cc3)] Responding to client with driver.getCurrentContext() result: "NATIVE_APP"
2020-09-09 14:22:55:835 [HTTP] <-- GET /wd/hub/session/2cc77cc3-28cc-4d5e-b8d1-cce216095a93/context 200 1 ms - 22
2020-09-09 14:22:55:835 [HTTP] 
2020-09-09 14:22:55:836 [HTTP] --> POST /wd/hub/session/2cc77cc3-28cc-4d5e-b8d1-cce216095a93/element
2020-09-09 14:22:55:836 [HTTP] {"using":"accessibility id","value":"test-Password"}
2020-09-09 14:22:55:837 [W3C (2cc77cc3)] Calling AppiumDriver.findElement() with args: ["accessibility id","test-Password","2cc77cc3-28cc-4d5e-b8d1-cce216095a93"]
2020-09-09 14:22:55:837 [BaseDriver] Valid locator strategies for this request: xpath, id, class name, accessibility id, -android uiautomator
2020-09-09 14:22:55:837 [BaseDriver] Waiting up to 0 ms for condition
2020-09-09 14:22:55:837 [WD Proxy] Matched '/element' to command name 'findElement'
2020-09-09 14:22:55:838 [WD Proxy] Proxying [POST /element] to [POST http://127.0.0.1:10000/wd/hub/session/b4ffc4f1-73cb-43ce-b836-1fe290b149af/element] with body: {"strategy":"accessibility id","selector":"test-Password","context":"","multiple":false}
2020-09-09 14:22:55:856 [WD Proxy] Got response with status 200: {"sessionId":"b4ffc4f1-73cb-43ce-b836-1fe290b149af","value":{"ELEMENT":"3502d245-4279-437e-8b52-aa9932e8dff5","element-6066-11e4-a52e-4f735466cecf":"3502d245-4279-437e-8b52-aa9932e8dff5"}}
2020-09-09 14:22:55:857 [W3C (2cc77cc3)] Responding to client with driver.findElement() result: {"element-6066-11e4-a52e-4f735466cecf":"3502d245-4279-437e-8b52-aa9932e8dff5","ELEMENT":"3502d245-4279-437e-8b52-aa9932e8dff5"}
2020-09-09 14:22:55:857 [HTTP] <-- POST /wd/hub/session/2cc77cc3-28cc-4d5e-b8d1-cce216095a93/element 200 21 ms - 137
2020-09-09 14:22:55:857 [HTTP] 
2020-09-09 14:22:55:860 [HTTP] --> POST /wd/hub/session/2cc77cc3-28cc-4d5e-b8d1-cce216095a93/element/3502d245-4279-437e-8b52-aa9932e8dff5/value
2020-09-09 14:22:55:860 [HTTP] {"id":"3502d245-4279-437e-8b52-aa9932e8dff5","text":"secret_sauce","value":["s","e","c","r","e","t","_","s","a","u","c","e"]}
2020-09-09 14:22:55:861 [W3C (2cc77cc3)] Calling AppiumDriver.setValue() with args: [["s","e","c","r","e","t","_","s","a","u","c","e"],"3502d245-4279-437e-8b52-aa9932e8dff5","2cc77cc3-28cc-4d5e-b8d1-cce216095a93"]
2020-09-09 14:22:55:861 [WD Proxy] Matched '/element/3502d245-4279-437e-8b52-aa9932e8dff5/value' to command name 'setValue'
2020-09-09 14:22:55:861 [Protocol Converter] Added 'value' property ["s","e","c","r","e","t","_","s","a","u","c","e"] to 'setValue' request body
2020-09-09 14:22:55:862 [WD Proxy] Proxying [POST /element/3502d245-4279-437e-8b52-aa9932e8dff5/value] to [POST http://127.0.0.1:10000/wd/hub/session/b4ffc4f1-73cb-43ce-b836-1fe290b149af/element/3502d245-4279-437e-8b52-aa9932e8dff5/value] with body: {"elementId":"3502d245-4279-437e-8b52-aa9932e8dff5","text":"secret_sauce","replace":false,"value":["s","e","c","r","e","t","_","s","a","u","c","e"]}
2020-09-09 14:22:55:891 [WD Proxy] Got response with status 200: {"sessionId":"b4ffc4f1-73cb-43ce-b836-1fe290b149af","value":null}
2020-09-09 14:22:55:891 [W3C (2cc77cc3)] Responding to client with driver.setValue() result: null
2020-09-09 14:22:55:891 [HTTP] <-- POST /wd/hub/session/2cc77cc3-28cc-4d5e-b8d1-cce216095a93/element/3502d245-4279-437e-8b52-aa9932e8dff5/value 200 31 ms - 14
2020-09-09 14:22:55:892 [HTTP] 
2020-09-09 14:22:55:894 [HTTP] --> GET /wd/hub/session/2cc77cc3-28cc-4d5e-b8d1-cce216095a93/context
2020-09-09 14:22:55:894 [HTTP] {}
2020-09-09 14:22:55:895 [W3C (2cc77cc3)] Calling AppiumDriver.getCurrentContext() with args: ["2cc77cc3-28cc-4d5e-b8d1-cce216095a93"]
2020-09-09 14:22:55:895 [W3C (2cc77cc3)] Responding to client with driver.getCurrentContext() result: "NATIVE_APP"
2020-09-09 14:22:55:896 [HTTP] <-- GET /wd/hub/session/2cc77cc3-28cc-4d5e-b8d1-cce216095a93/context 200 2 ms - 22
2020-09-09 14:22:55:896 [HTTP] 
2020-09-09 14:22:55:900 [HTTP] --> POST /wd/hub/session/2cc77cc3-28cc-4d5e-b8d1-cce216095a93/element
2020-09-09 14:22:55:900 [HTTP] {"using":"accessibility id","value":"test-LOGIN"}
2020-09-09 14:22:55:901 [W3C (2cc77cc3)] Calling AppiumDriver.findElement() with args: ["accessibility id","test-LOGIN","2cc77cc3-28cc-4d5e-b8d1-cce216095a93"]
2020-09-09 14:22:55:901 [BaseDriver] Valid locator strategies for this request: xpath, id, class name, accessibility id, -android uiautomator
2020-09-09 14:22:55:901 [BaseDriver] Waiting up to 0 ms for condition
2020-09-09 14:22:55:902 [WD Proxy] Matched '/element' to command name 'findElement'
2020-09-09 14:22:55:902 [WD Proxy] Proxying [POST /element] to [POST http://127.0.0.1:10000/wd/hub/session/b4ffc4f1-73cb-43ce-b836-1fe290b149af/element] with body: {"strategy":"accessibility id","selector":"test-LOGIN","context":"","multiple":false}
2020-09-09 14:22:56:414 [WD Proxy] Got response with status 200: {"sessionId":"b4ffc4f1-73cb-43ce-b836-1fe290b149af","value":{"ELEMENT":"3efc6644-2dc3-4a79-97c0-ce4d20d7a3e2","element-6066-11e4-a52e-4f735466cecf":"3efc6644-2dc3-4a79-97c0-ce4d20d7a3e2"}}
2020-09-09 14:22:56:415 [W3C (2cc77cc3)] Responding to client with driver.findElement() result: {"element-6066-11e4-a52e-4f735466cecf":"3efc6644-2dc3-4a79-97c0-ce4d20d7a3e2","ELEMENT":"3efc6644-2dc3-4a79-97c0-ce4d20d7a3e2"}
2020-09-09 14:22:56:415 [HTTP] <-- POST /wd/hub/session/2cc77cc3-28cc-4d5e-b8d1-cce216095a93/element 200 516 ms - 137
2020-09-09 14:22:56:416 [HTTP] 
2020-09-09 14:22:56:417 [HTTP] --> GET /wd/hub/session/2cc77cc3-28cc-4d5e-b8d1-cce216095a93/element/3efc6644-2dc3-4a79-97c0-ce4d20d7a3e2/displayed
2020-09-09 14:22:56:417 [HTTP] {}
2020-09-09 14:22:56:418 [W3C (2cc77cc3)] Calling AppiumDriver.elementDisplayed() with args: ["3efc6644-2dc3-4a79-97c0-ce4d20d7a3e2","2cc77cc3-28cc-4d5e-b8d1-cce216095a93"]
2020-09-09 14:22:56:418 [WD Proxy] Matched '/element/3efc6644-2dc3-4a79-97c0-ce4d20d7a3e2/attribute/displayed' to command name 'getAttribute'
2020-09-09 14:22:56:419 [WD Proxy] Proxying [GET /element/3efc6644-2dc3-4a79-97c0-ce4d20d7a3e2/attribute/displayed] to [GET http://127.0.0.1:10000/wd/hub/session/b4ffc4f1-73cb-43ce-b836-1fe290b149af/element/3efc6644-2dc3-4a79-97c0-ce4d20d7a3e2/attribute/displayed] with no body
2020-09-09 14:22:56:432 [WD Proxy] Got response with status 200: {"sessionId":"b4ffc4f1-73cb-43ce-b836-1fe290b149af","value":"true"}
2020-09-09 14:22:56:432 [W3C (2cc77cc3)] Responding to client with driver.elementDisplayed() result: true
2020-09-09 14:22:56:433 [HTTP] <-- GET /wd/hub/session/2cc77cc3-28cc-4d5e-b8d1-cce216095a93/element/3efc6644-2dc3-4a79-97c0-ce4d20d7a3e2/displayed 200 15 ms - 14
2020-09-09 14:22:56:433 [HTTP] 
2020-09-09 14:22:56:435 [HTTP] --> GET /wd/hub/session/2cc77cc3-28cc-4d5e-b8d1-cce216095a93/context
2020-09-09 14:22:56:435 [HTTP] {}
2020-09-09 14:22:56:435 [W3C (2cc77cc3)] Calling AppiumDriver.getCurrentContext() with args: ["2cc77cc3-28cc-4d5e-b8d1-cce216095a93"]
2020-09-09 14:22:56:435 [W3C (2cc77cc3)] Responding to client with driver.getCurrentContext() result: "NATIVE_APP"
2020-09-09 14:22:56:436 [HTTP] <-- GET /wd/hub/session/2cc77cc3-28cc-4d5e-b8d1-cce216095a93/context 200 1 ms - 22
2020-09-09 14:22:56:436 [HTTP] 
2020-09-09 14:22:56:438 [HTTP] --> POST /wd/hub/session/2cc77cc3-28cc-4d5e-b8d1-cce216095a93/element
2020-09-09 14:22:56:438 [HTTP] {"using":"accessibility id","value":"test-LOGIN"}
2020-09-09 14:22:56:438 [W3C (2cc77cc3)] Calling AppiumDriver.findElement() with args: ["accessibility id","test-LOGIN","2cc77cc3-28cc-4d5e-b8d1-cce216095a93"]
2020-09-09 14:22:56:439 [BaseDriver] Valid locator strategies for this request: xpath, id, class name, accessibility id, -android uiautomator
2020-09-09 14:22:56:439 [BaseDriver] Waiting up to 0 ms for condition
2020-09-09 14:22:56:439 [WD Proxy] Matched '/element' to command name 'findElement'
2020-09-09 14:22:56:439 [WD Proxy] Proxying [POST /element] to [POST http://127.0.0.1:10000/wd/hub/session/b4ffc4f1-73cb-43ce-b836-1fe290b149af/element] with body: {"strategy":"accessibility id","selector":"test-LOGIN","context":"","multiple":false}
2020-09-09 14:22:56:454 [WD Proxy] Got response with status 200: {"sessionId":"b4ffc4f1-73cb-43ce-b836-1fe290b149af","value":{"ELEMENT":"cc012435-eab8-4854-8c1e-2760abdb8703","element-6066-11e4-a52e-4f735466cecf":"cc012435-eab8-4854-8c1e-2760abdb8703"}}
2020-09-09 14:22:56:454 [W3C (2cc77cc3)] Responding to client with driver.findElement() result: {"element-6066-11e4-a52e-4f735466cecf":"cc012435-eab8-4854-8c1e-2760abdb8703","ELEMENT":"cc012435-eab8-4854-8c1e-2760abdb8703"}
2020-09-09 14:22:56:455 [HTTP] <-- POST /wd/hub/session/2cc77cc3-28cc-4d5e-b8d1-cce216095a93/element 200 17 ms - 137
2020-09-09 14:22:56:455 [HTTP] 
2020-09-09 14:22:56:457 [HTTP] --> POST /wd/hub/session/2cc77cc3-28cc-4d5e-b8d1-cce216095a93/element/cc012435-eab8-4854-8c1e-2760abdb8703/click
2020-09-09 14:22:56:457 [HTTP] {"id":"cc012435-eab8-4854-8c1e-2760abdb8703"}
2020-09-09 14:22:56:457 [W3C (2cc77cc3)] Calling AppiumDriver.click() with args: ["cc012435-eab8-4854-8c1e-2760abdb8703","2cc77cc3-28cc-4d5e-b8d1-cce216095a93"]
2020-09-09 14:22:56:458 [WD Proxy] Matched '/element/cc012435-eab8-4854-8c1e-2760abdb8703/click' to command name 'click'
2020-09-09 14:22:56:458 [WD Proxy] Proxying [POST /element/cc012435-eab8-4854-8c1e-2760abdb8703/click] to [POST http://127.0.0.1:10000/wd/hub/session/b4ffc4f1-73cb-43ce-b836-1fe290b149af/element/cc012435-eab8-4854-8c1e-2760abdb8703/click] with body: {"element":"cc012435-eab8-4854-8c1e-2760abdb8703"}
2020-09-09 14:22:56:476 [WD Proxy] Got response with status 200: {"sessionId":"b4ffc4f1-73cb-43ce-b836-1fe290b149af","value":null}
2020-09-09 14:22:56:477 [W3C (2cc77cc3)] Responding to client with driver.click() result: null
2020-09-09 14:22:56:477 [HTTP] <-- POST /wd/hub/session/2cc77cc3-28cc-4d5e-b8d1-cce216095a93/element/cc012435-eab8-4854-8c1e-2760abdb8703/click 200 20 ms - 14
2020-09-09 14:22:56:478 [HTTP] 
2020-09-09 14:22:56:479 [HTTP] --> GET /wd/hub/session/2cc77cc3-28cc-4d5e-b8d1-cce216095a93/context
2020-09-09 14:22:56:480 [HTTP] {}
2020-09-09 14:22:56:480 [W3C (2cc77cc3)] Calling AppiumDriver.getCurrentContext() with args: ["2cc77cc3-28cc-4d5e-b8d1-cce216095a93"]
2020-09-09 14:22:56:480 [W3C (2cc77cc3)] Responding to client with driver.getCurrentContext() result: "NATIVE_APP"
2020-09-09 14:22:56:481 [HTTP] <-- GET /wd/hub/session/2cc77cc3-28cc-4d5e-b8d1-cce216095a93/context 200 1 ms - 22
2020-09-09 14:22:56:481 [HTTP] 
2020-09-09 14:22:56:483 [HTTP] --> POST /wd/hub/session/2cc77cc3-28cc-4d5e-b8d1-cce216095a93/element
2020-09-09 14:22:56:483 [HTTP] {"using":"xpath","value":"//android.widget.ScrollView[@content-desc=\"test-PRODUCTS\"]/preceding-sibling::android.view.ViewGroup/android.widget.TextView"}
2020-09-09 14:22:56:483 [W3C (2cc77cc3)] Calling AppiumDriver.findElement() with args: ["xpath","//android.widget.ScrollView[@content-desc=\"test-PRODUCTS\"]/preceding-sibling::android.view.ViewGroup/android.widget.TextView","2cc77cc3-28cc-4d5e-b8d1-cce216095a93"]
2020-09-09 14:22:56:483 [BaseDriver] Valid locator strategies for this request: xpath, id, class name, accessibility id, -android uiautomator
2020-09-09 14:22:56:484 [BaseDriver] Waiting up to 0 ms for condition
2020-09-09 14:22:56:484 [WD Proxy] Matched '/element' to command name 'findElement'
2020-09-09 14:22:56:484 [WD Proxy] Proxying [POST /element] to [POST http://127.0.0.1:10000/wd/hub/session/b4ffc4f1-73cb-43ce-b836-1fe290b149af/element] with body: {"strategy":"xpath","selector":"//android.widget.ScrollView[@content-desc=\"test-PRODUCTS\"]/preceding-sibling::android.view.ViewGroup/android.widget.TextView","context":"","multiple":false}
2020-09-09 14:22:56:631 [WD Proxy] Got response with status 404: {"sessionId":"b4ffc4f1-73cb-43ce-b836-1fe290b149af","value":{"error":"no such element","message":"An element could not be located on the page using the given search parameters","stacktrace":"io.appium.uiautomator2.common.exceptions.ElementNotFoundException: An element could not be located on the page using the given search parameters\n\tat io.appium.uiautomator2.handler.FindElement.findElement(FindElement.java:96)\n\tat io.appium.uiautomator2.handler.FindElement.safeHandle(FindElement.java:71)\n\tat io.appium.uiautomator2.handler.request.SafeRequestHandler.handle(SafeRequestHandler.java:41)\n\tat io.appium.uiautomator2.server.AppiumServlet.handleRequest(AppiumServlet.java:253)\n\tat io.appium.uiautomator2.server.AppiumServlet.handleHttpRequest(AppiumServlet.java:247)\n\tat io.appium.uiautomator2.http.ServerHandler.channelRead(ServerHandler.java:68)\n\tat io.netty.channel.AbstractChannelHandlerContext.invokeChannelRead(AbstractChannelHandlerContext.java:366)\n\tat io.netty.channel.AbstractChannelHandlerCont...
2020-09-09 14:22:56:631 [W3C] Matched W3C error code 'no such element' to NoSuchElementError
2020-09-09 14:22:56:694 [W3C (2cc77cc3)] Encountered internal error running command: NoSuchElementError: An element could not be located on the page using the given search parameters.
2020-09-09 14:22:56:694 [W3C (2cc77cc3)]     at AndroidUiautomator2Driver.findElOrEls (C:\Users\james\AppData\Roaming\npm\node_modules\appium\node_modules\appium-android-driver\lib\commands\find.js:75:11)
2020-09-09 14:22:56:694 [W3C (2cc77cc3)]     at runMicrotasks (<anonymous>)
2020-09-09 14:22:56:694 [W3C (2cc77cc3)]     at processTicksAndRejections (internal/process/task_queues.js:97:5)
2020-09-09 14:22:56:695 [HTTP] <-- POST /wd/hub/session/2cc77cc3-28cc-4d5e-b8d1-cce216095a93/element 404 212 ms - 528
2020-09-09 14:22:56:695 [HTTP] 
2020-09-09 14:22:57:201 [HTTP] --> POST /wd/hub/session/2cc77cc3-28cc-4d5e-b8d1-cce216095a93/element
2020-09-09 14:22:57:202 [HTTP] {"using":"xpath","value":"//android.widget.ScrollView[@content-desc=\"test-PRODUCTS\"]/preceding-sibling::android.view.ViewGroup/android.widget.TextView"}
2020-09-09 14:22:57:203 [W3C (2cc77cc3)] Calling AppiumDriver.findElement() with args: ["xpath","//android.widget.ScrollView[@content-desc=\"test-PRODUCTS\"]/preceding-sibling::android.view.ViewGroup/android.widget.TextView","2cc77cc3-28cc-4d5e-b8d1-cce216095a93"]
2020-09-09 14:22:57:204 [BaseDriver] Valid locator strategies for this request: xpath, id, class name, accessibility id, -android uiautomator
2020-09-09 14:22:57:205 [BaseDriver] Waiting up to 0 ms for condition
2020-09-09 14:22:57:206 [WD Proxy] Matched '/element' to command name 'findElement'
2020-09-09 14:22:57:207 [WD Proxy] Proxying [POST /element] to [POST http://127.0.0.1:10000/wd/hub/session/b4ffc4f1-73cb-43ce-b836-1fe290b149af/element] with body: {"strategy":"xpath","selector":"//android.widget.ScrollView[@content-desc=\"test-PRODUCTS\"]/preceding-sibling::android.view.ViewGroup/android.widget.TextView","context":"","multiple":false}
2020-09-09 14:22:57:752 [WD Proxy] Got response with status 200: {"sessionId":"b4ffc4f1-73cb-43ce-b836-1fe290b149af","value":{"ELEMENT":"c5a25fc3-17f5-4c68-8b18-e7a4f3d24ce5","element-6066-11e4-a52e-4f735466cecf":"c5a25fc3-17f5-4c68-8b18-e7a4f3d24ce5"}}
2020-09-09 14:22:57:753 [W3C (2cc77cc3)] Responding to client with driver.findElement() result: {"element-6066-11e4-a52e-4f735466cecf":"c5a25fc3-17f5-4c68-8b18-e7a4f3d24ce5","ELEMENT":"c5a25fc3-17f5-4c68-8b18-e7a4f3d24ce5"}
2020-09-09 14:22:57:753 [HTTP] <-- POST /wd/hub/session/2cc77cc3-28cc-4d5e-b8d1-cce216095a93/element 200 553 ms - 137
2020-09-09 14:22:57:753 [HTTP] 
2020-09-09 14:22:57:755 [HTTP] --> GET /wd/hub/session/2cc77cc3-28cc-4d5e-b8d1-cce216095a93/element/c5a25fc3-17f5-4c68-8b18-e7a4f3d24ce5/displayed
2020-09-09 14:22:57:755 [HTTP] {}
2020-09-09 14:22:57:755 [W3C (2cc77cc3)] Calling AppiumDriver.elementDisplayed() with args: ["c5a25fc3-17f5-4c68-8b18-e7a4f3d24ce5","2cc77cc3-28cc-4d5e-b8d1-cce216095a93"]
2020-09-09 14:22:57:756 [WD Proxy] Matched '/element/c5a25fc3-17f5-4c68-8b18-e7a4f3d24ce5/attribute/displayed' to command name 'getAttribute'
2020-09-09 14:22:57:756 [WD Proxy] Proxying [GET /element/c5a25fc3-17f5-4c68-8b18-e7a4f3d24ce5/attribute/displayed] to [GET http://127.0.0.1:10000/wd/hub/session/b4ffc4f1-73cb-43ce-b836-1fe290b149af/element/c5a25fc3-17f5-4c68-8b18-e7a4f3d24ce5/attribute/displayed] with no body
2020-09-09 14:22:57:766 [WD Proxy] Got response with status 200: {"sessionId":"b4ffc4f1-73cb-43ce-b836-1fe290b149af","value":"true"}
2020-09-09 14:22:57:766 [W3C (2cc77cc3)] Responding to client with driver.elementDisplayed() result: true
2020-09-09 14:22:57:767 [HTTP] <-- GET /wd/hub/session/2cc77cc3-28cc-4d5e-b8d1-cce216095a93/element/c5a25fc3-17f5-4c68-8b18-e7a4f3d24ce5/displayed 200 12 ms - 14
2020-09-09 14:22:57:767 [HTTP] 
2020-09-09 14:22:57:768 [HTTP] --> GET /wd/hub/session/2cc77cc3-28cc-4d5e-b8d1-cce216095a93/context
2020-09-09 14:22:57:768 [HTTP] {}
2020-09-09 14:22:57:768 [W3C (2cc77cc3)] Calling AppiumDriver.getCurrentContext() with args: ["2cc77cc3-28cc-4d5e-b8d1-cce216095a93"]
2020-09-09 14:22:57:769 [W3C (2cc77cc3)] Responding to client with driver.getCurrentContext() result: "NATIVE_APP"
2020-09-09 14:22:57:769 [HTTP] <-- GET /wd/hub/session/2cc77cc3-28cc-4d5e-b8d1-cce216095a93/context 200 1 ms - 22
2020-09-09 14:22:57:769 [HTTP] 
2020-09-09 14:22:57:772 [HTTP] --> POST /wd/hub/session/2cc77cc3-28cc-4d5e-b8d1-cce216095a93/element
2020-09-09 14:22:57:772 [HTTP] {"using":"xpath","value":"//android.widget.ScrollView[@content-desc=\"test-PRODUCTS\"]/preceding-sibling::android.view.ViewGroup/android.widget.TextView"}
2020-09-09 14:22:57:773 [W3C (2cc77cc3)] Calling AppiumDriver.findElement() with args: ["xpath","//android.widget.ScrollView[@content-desc=\"test-PRODUCTS\"]/preceding-sibling::android.view.ViewGroup/android.widget.TextView","2cc77cc3-28cc-4d5e-b8d1-cce216095a93"]
2020-09-09 14:22:57:773 [BaseDriver] Valid locator strategies for this request: xpath, id, class name, accessibility id, -android uiautomator
2020-09-09 14:22:57:773 [BaseDriver] Waiting up to 0 ms for condition
2020-09-09 14:22:57:774 [WD Proxy] Matched '/element' to command name 'findElement'
2020-09-09 14:22:57:774 [WD Proxy] Proxying [POST /element] to [POST http://127.0.0.1:10000/wd/hub/session/b4ffc4f1-73cb-43ce-b836-1fe290b149af/element] with body: {"strategy":"xpath","selector":"//android.widget.ScrollView[@content-desc=\"test-PRODUCTS\"]/preceding-sibling::android.view.ViewGroup/android.widget.TextView","context":"","multiple":false}
2020-09-09 14:22:57:907 [WD Proxy] Got response with status 200: {"sessionId":"b4ffc4f1-73cb-43ce-b836-1fe290b149af","value":{"ELEMENT":"fae5e9ce-1d88-4019-8f39-3065ecbe39b2","element-6066-11e4-a52e-4f735466cecf":"fae5e9ce-1d88-4019-8f39-3065ecbe39b2"}}
2020-09-09 14:22:57:907 [W3C (2cc77cc3)] Responding to client with driver.findElement() result: {"element-6066-11e4-a52e-4f735466cecf":"fae5e9ce-1d88-4019-8f39-3065ecbe39b2","ELEMENT":"fae5e9ce-1d88-4019-8f39-3065ecbe39b2"}
2020-09-09 14:22:57:908 [HTTP] <-- POST /wd/hub/session/2cc77cc3-28cc-4d5e-b8d1-cce216095a93/element 200 135 ms - 137
2020-09-09 14:22:57:908 [HTTP] 
2020-09-09 14:22:57:909 [HTTP] --> GET /wd/hub/session/2cc77cc3-28cc-4d5e-b8d1-cce216095a93/element/fae5e9ce-1d88-4019-8f39-3065ecbe39b2/attribute/text
2020-09-09 14:22:57:910 [HTTP] {}
2020-09-09 14:22:57:910 [W3C (2cc77cc3)] Calling AppiumDriver.getAttribute() with args: ["text","fae5e9ce-1d88-4019-8f39-3065ecbe39b2","2cc77cc3-28cc-4d5e-b8d1-cce216095a93"]
2020-09-09 14:22:57:910 [WD Proxy] Matched '/element/fae5e9ce-1d88-4019-8f39-3065ecbe39b2/attribute/text' to command name 'getAttribute'
2020-09-09 14:22:57:910 [WD Proxy] Proxying [GET /element/fae5e9ce-1d88-4019-8f39-3065ecbe39b2/attribute/text] to [GET http://127.0.0.1:10000/wd/hub/session/b4ffc4f1-73cb-43ce-b836-1fe290b149af/element/fae5e9ce-1d88-4019-8f39-3065ecbe39b2/attribute/text] with no body
2020-09-09 14:22:57:920 [WD Proxy] Got response with status 200: {"sessionId":"b4ffc4f1-73cb-43ce-b836-1fe290b149af","value":"PRODUCTS"}
2020-09-09 14:22:57:921 [W3C (2cc77cc3)] Responding to client with driver.getAttribute() result: "PRODUCTS"
2020-09-09 14:22:57:921 [HTTP] <-- GET /wd/hub/session/2cc77cc3-28cc-4d5e-b8d1-cce216095a93/element/fae5e9ce-1d88-4019-8f39-3065ecbe39b2/attribute/text 200 12 ms - 20
2020-09-09 14:22:57:921 [HTTP] 
2020-09-09 14:22:57:923 [HTTP] --> DELETE /wd/hub/session/2cc77cc3-28cc-4d5e-b8d1-cce216095a93
2020-09-09 14:22:57:924 [HTTP] {}
2020-09-09 14:22:57:924 [W3C (2cc77cc3)] Calling AppiumDriver.deleteSession() with args: ["2cc77cc3-28cc-4d5e-b8d1-cce216095a93"]
2020-09-09 14:22:57:924 [BaseDriver] Event 'quitSessionRequested' logged at 1599661377924 (15:22:57 GMT+0100 (Irish Standard Time))
2020-09-09 14:22:57:925 [Appium] Removing session 2cc77cc3-28cc-4d5e-b8d1-cce216095a93 from our master session list
2020-09-09 14:22:57:925 [UiAutomator2] Deleting UiAutomator2 session
2020-09-09 14:22:57:926 [UiAutomator2] Deleting UiAutomator2 server session
2020-09-09 14:22:57:926 [WD Proxy] Matched '/' to command name 'deleteSession'
2020-09-09 14:22:57:926 [WD Proxy] Proxying [DELETE /] to [DELETE http://127.0.0.1:10000/wd/hub/session/b4ffc4f1-73cb-43ce-b836-1fe290b149af] with no body
2020-09-09 14:22:57:934 [WD Proxy] Got response with status 200: {"sessionId":"b4ffc4f1-73cb-43ce-b836-1fe290b149af","value":null}
2020-09-09 14:22:57:935 [ADB] Running 'C:\Users\james\AppData\Local\Android\Sdk\platform-tools\adb.exe -P 5037 -s emulator-5554 shell am force-stop com.swaglabsmobileapp'
2020-09-09 14:22:58:023 [Logcat] Stopping logcat capture
2020-09-09 14:22:58:035 [ADB] Removing forwarded port socket connection: 10000 
2020-09-09 14:22:58:036 [ADB] Running 'C:\Users\james\AppData\Local\Android\Sdk\platform-tools\adb.exe -P 5037 -s emulator-5554 forward --remove tcp\:10000'
2020-09-09 14:22:58:071 [UiAutomator2] Restoring hidden api policy to the device default configuration
2020-09-09 14:22:58:072 [ADB] Running 'C:\Users\james\AppData\Local\Android\Sdk\platform-tools\adb.exe -P 5037 -s emulator-5554 shell 'settings delete global hidden_api_policy_pre_p_apps;settings delete global hidden_api_policy_p_apps;settings delete global hidden_api_policy''
2020-09-09 14:22:58:302 [BaseDriver] Event 'quitSessionFinished' logged at 1599661378301 (15:22:58 GMT+0100 (Irish Standard Time))
